c:\users\aleksey-laptop\downloads\freertosv8.2.3\freertos\demo\win32-msvc\debug\vc140.pdb
c:\users\aleksey-laptop\downloads\freertosv8.2.3\freertos\demo\win32-msvc\debug\vc140.idb
c:\users\aleksey-laptop\downloads\freertosv8.2.3\freertos\demo\win32-msvc\debug\integer.obj
c:\users\aleksey-laptop\downloads\freertosv8.2.3\freertos\demo\win32-msvc\debug\intsemtest.obj
c:\users\aleksey-laptop\downloads\freertosv8.2.3\freertos\demo\win32-msvc\debug\pollq.obj
c:\users\aleksey-laptop\downloads\freertosv8.2.3\freertos\demo\win32-msvc\debug\qpeek.obj
c:\users\aleksey-laptop\downloads\freertosv8.2.3\freertos\demo\win32-msvc\debug\queueoverwrite.obj
c:\users\aleksey-laptop\downloads\freertosv8.2.3\freertos\demo\win32-msvc\debug\queueset.obj
c:\users\aleksey-laptop\downloads\freertosv8.2.3\freertos\demo\win32-msvc\debug\queuesetpolling.obj
c:\users\aleksey-laptop\downloads\freertosv8.2.3\freertos\demo\win32-msvc\debug\recmutex.obj
c:\users\aleksey-laptop\downloads\freertosv8.2.3\freertos\demo\win32-msvc\debug\semtest.obj
c:\users\aleksey-laptop\downloads\freertosv8.2.3\freertos\demo\win32-msvc\debug\tasknotify.obj
c:\users\aleksey-laptop\downloads\freertosv8.2.3\freertos\demo\win32-msvc\debug\timerdemo.obj
c:\users\aleksey-laptop\downloads\freertosv8.2.3\freertos\demo\win32-msvc\debug\main.obj
c:\users\aleksey-laptop\downloads\freertosv8.2.3\freertos\demo\win32-msvc\debug\list.obj
c:\users\aleksey-laptop\downloads\freertosv8.2.3\freertos\demo\win32-msvc\debug\port.obj
c:\users\aleksey-laptop\downloads\freertosv8.2.3\freertos\demo\win32-msvc\debug\queue.obj
c:\users\aleksey-laptop\downloads\freertosv8.2.3\freertos\demo\win32-msvc\debug\tasks.obj
c:\users\aleksey-laptop\downloads\freertosv8.2.3\freertos\demo\win32-msvc\debug\main_blinky.obj
c:\users\aleksey-laptop\downloads\freertosv8.2.3\freertos\demo\win32-msvc\debug\main_full.obj
c:\users\aleksey-laptop\downloads\freertosv8.2.3\freertos\demo\win32-msvc\debug\payrange_solution1.obj
c:\users\aleksey-laptop\downloads\freertosv8.2.3\freertos\demo\win32-msvc\debug\run-time-stats-utils.obj
c:\users\aleksey-laptop\downloads\freertosv8.2.3\freertos\demo\win32-msvc\debug\trcbase.obj
c:\users\aleksey-laptop\downloads\freertosv8.2.3\freertos\demo\win32-msvc\debug\trchardwareport.obj
c:\users\aleksey-laptop\downloads\freertosv8.2.3\freertos\demo\win32-msvc\debug\trckernel.obj
c:\users\aleksey-laptop\downloads\freertosv8.2.3\freertos\demo\win32-msvc\debug\trckernelport.obj
c:\users\aleksey-laptop\downloads\freertosv8.2.3\freertos\demo\win32-msvc\debug\trcuser.obj
c:\users\aleksey-laptop\downloads\freertosv8.2.3\freertos\demo\win32-msvc\debug\croutine.obj
c:\users\aleksey-laptop\downloads\freertosv8.2.3\freertos\demo\win32-msvc\debug\event_groups.obj
c:\users\aleksey-laptop\downloads\freertosv8.2.3\freertos\demo\win32-msvc\debug\heap_5.obj
c:\users\aleksey-laptop\downloads\freertosv8.2.3\freertos\demo\win32-msvc\debug\timers.obj
c:\users\aleksey-laptop\downloads\freertosv8.2.3\freertos\demo\win32-msvc\debug\blockq.obj
c:\users\aleksey-laptop\downloads\freertosv8.2.3\freertos\demo\win32-msvc\debug\blocktim.obj
c:\users\aleksey-laptop\downloads\freertosv8.2.3\freertos\demo\win32-msvc\debug\countsem.obj
c:\users\aleksey-laptop\downloads\freertosv8.2.3\freertos\demo\win32-msvc\debug\death.obj
c:\users\aleksey-laptop\downloads\freertosv8.2.3\freertos\demo\win32-msvc\debug\dynamic.obj
c:\users\aleksey-laptop\downloads\freertosv8.2.3\freertos\demo\win32-msvc\debug\eventgroupsdemo.obj
c:\users\aleksey-laptop\downloads\freertosv8.2.3\freertos\demo\win32-msvc\debug\flop.obj
c:\users\aleksey-laptop\downloads\freertosv8.2.3\freertos\demo\win32-msvc\debug\genqtest.obj
c:\users\aleksey-laptop\downloads\freertosv8.2.3\freertos\demo\win32-msvc\debug\rtosdemo.ilk
c:\users\aleksey-laptop\downloads\freertosv8.2.3\freertos\demo\win32-msvc\debug\rtosdemo.exe
c:\users\aleksey-laptop\downloads\freertosv8.2.3\freertos\demo\win32-msvc\debug\win32.pdb
c:\users\aleksey-laptop\downloads\freertosv8.2.3\freertos\demo\win32-msvc\.\debug\rtosdemo.exe
c:\users\aleksey-laptop\downloads\freertosv8.2.3\freertos\demo\win32-msvc\debug\rtosdemo.tlog\cl.command.1.tlog
c:\users\aleksey-laptop\downloads\freertosv8.2.3\freertos\demo\win32-msvc\debug\rtosdemo.tlog\cl.read.1.tlog
c:\users\aleksey-laptop\downloads\freertosv8.2.3\freertos\demo\win32-msvc\debug\rtosdemo.tlog\cl.write.1.tlog
c:\users\aleksey-laptop\downloads\freertosv8.2.3\freertos\demo\win32-msvc\debug\rtosdemo.tlog\link.command.1.tlog
c:\users\aleksey-laptop\downloads\freertosv8.2.3\freertos\demo\win32-msvc\debug\rtosdemo.tlog\link.read.1.tlog
c:\users\aleksey-laptop\downloads\freertosv8.2.3\freertos\demo\win32-msvc\debug\rtosdemo.tlog\link.write.1.tlog
